InnoDB: using atomic writes.
2021-04-02  6:39:13 0 [Note] InnoDB: Mutexes and rw_locks use Windows interlocked functions
2021-04-02  6:39:13 0 [Note] InnoDB: Uses event mutexes
2021-04-02  6:39:13 0 [Note] InnoDB: Compressed tables use zlib 1.2.11
2021-04-02  6:39:13 0 [Note] InnoDB: Number of pools: 1
2021-04-02  6:39:13 0 [Note] InnoDB: Using SSE2 crc32 instructions
2021-04-02  6:39:13 0 [Note] InnoDB: Initializing buffer pool, total size = 16M, instances = 1, chunk size = 16M
2021-04-02  6:39:13 0 [Note] InnoDB: Completed initialization of buffer pool
2021-04-02  6:39:13 0 [Note] InnoDB: Starting crash recovery from checkpoint LSN=300288
2021-04-02  6:39:13 0 [Note] InnoDB: 128 out of 128 rollback segments are active.
2021-04-02  6:39:13 0 [Note] InnoDB: Removed temporary tablespace data file: "ibtmp1"
2021-04-02  6:39:13 0 [Note] InnoDB: Creating shared tablespace for temporary tables
2021-04-02  6:39:13 0 [Note] InnoDB: Setting file 'C:\xampp\mysql\data\ibtmp1' size to 12 MB. Physically writing the file full; Please wait ...
2021-04-02  6:39:13 0 [Note] InnoDB: File 'C:\xampp\mysql\data\ibtmp1' size is now 12 MB.
2021-04-02  6:39:13 0 [Note] InnoDB: Waiting for purge to start
2021-04-02  6:39:13 0 [Note] InnoDB: 10.4.18 started; log sequence number 300297; transaction id 170
2021-04-02  6:39:13 0 [Note] InnoDB: Loading buffer pool(s) from C:\xampp\mysql\data\ib_buffer_pool
2021-04-02  6:39:13 0 [Note] Plugin 'FEEDBACK' is disabled.
2021-04-02  6:39:13 0 [Note] Server socket created on IP: '::'.
InnoDB: using atomic writes.
2021-04-03  8:11:33 0 [Note] InnoDB: Mutexes and rw_locks use Windows interlocked functions
2021-04-03  8:11:33 0 [Note] InnoDB: Uses event mutexes
2021-04-03  8:11:33 0 [Note] InnoDB: Compressed tables use zlib 1.2.11
2021-04-03  8:11:33 0 [Note] InnoDB: Number of pools: 1
2021-04-03  8:11:33 0 [Note] InnoDB: Using SSE2 crc32 instructions
2021-04-03  8:11:33 0 [Note] InnoDB: Initializing buffer pool, total size = 16M, instances = 1, chunk size = 16M
2021-04-03  8:11:33 0 [Note] InnoDB: Completed initialization of buffer pool
2021-04-03  8:11:33 0 [Note] InnoDB: Starting crash recovery from checkpoint LSN=300638
2021-04-03  8:11:33 0 [Note] InnoDB: 128 out of 128 rollback segments are active.
2021-04-03  8:11:33 0 [Note] InnoDB: Removed temporary tablespace data file: "ibtmp1"
2021-04-03  8:11:33 0 [Note] InnoDB: Creating shared tablespace for temporary tables
2021-04-03  8:11:33 0 [Note] InnoDB: Setting file 'C:\xampp\mysql\data\ibtmp1' size to 12 MB. Physically writing the file full; Please wait ...
2021-04-03  8:11:33 0 [Note] InnoDB: File 'C:\xampp\mysql\data\ibtmp1' size is now 12 MB.
2021-04-03  8:11:33 0 [Note] InnoDB: Waiting for purge to start
2021-04-03  8:11:33 0 [Note] InnoDB: 10.4.18 started; log sequence number 300647; transaction id 193
2021-04-03  8:11:33 0 [Note] InnoDB: Loading buffer pool(s) from C:\xampp\mysql\data\ib_buffer_pool
2021-04-03  8:11:33 0 [Note] Plugin 'FEEDBACK' is disabled.
2021-04-03  8:11:33 0 [Note] Server socket created on IP: '::'.
2021-04-03  8:11:33 0 [Note] InnoDB: Buffer pool(s) load completed at 210403  8:11:33
2021-04-03  8:11:33 0 [Note] Reading of all Master_info entries succeeded
2021-04-03  8:11:33 0 [Note] Added new Master_info '' to hash table
2021-04-03  8:11:33 0 [Note] mysql\bin\mysqld.exe: ready for connections.
Version: '10.4.18-MariaDB'  socket: ''  port: 3306  mariadb.org binary distribution
InnoDB: using atomic writes.
2021-04-03  8:12:32 0 [Note] InnoDB: Mutexes and rw_locks use Windows interlocked functions
2021-04-03  8:12:32 0 [Note] InnoDB: Uses event mutexes
2021-04-03  8:12:32 0 [Note] InnoDB: Compressed tables use zlib 1.2.11
2021-04-03  8:12:32 0 [Note] InnoDB: Number of pools: 1
2021-04-03  8:12:32 0 [Note] InnoDB: Using SSE2 crc32 instructions
2021-04-03  8:12:32 0 [Note] InnoDB: Initializing buffer pool, total size = 16M, instances = 1, chunk size = 16M
2021-04-03  8:12:32 0 [Note] InnoDB: Completed initialization of buffer pool
2021-04-03  8:12:32 0 [Note] InnoDB: Starting crash recovery from checkpoint LSN=300656
2021-04-03  8:12:32 0 [Note] InnoDB: 128 out of 128 rollback segments are active.
2021-04-03  8:12:32 0 [Note] InnoDB: Removed temporary tablespace data file: "ibtmp1"
2021-04-03  8:12:32 0 [Note] InnoDB: Creating shared tablespace for temporary tables
2021-04-03  8:12:32 0 [Note] InnoDB: Setting file 'C:\xampp\mysql\data\ibtmp1' size to 12 MB. Physically writing the file full; Please wait ...
2021-04-03  8:12:32 0 [Note] InnoDB: File 'C:\xampp\mysql\data\ibtmp1' size is now 12 MB.
2021-04-03  8:12:32 0 [Note] InnoDB: Waiting for purge to start
2021-04-03  8:12:32 0 [Note] InnoDB: 10.4.18 started; log sequence number 300665; transaction id 193
2021-04-03  8:12:32 0 [Note] InnoDB: Loading buffer pool(s) from C:\xampp\mysql\data\ib_buffer_pool
2021-04-03  8:12:32 0 [Note] Plugin 'FEEDBACK' is disabled.
2021-04-03  8:12:32 0 [Note] Server socket created on IP: '::'.
InnoDB: using atomic writes.
2021-04-03 12:59:21 0 [Note] InnoDB: Mutexes and rw_locks use Windows interlocked functions
2021-04-03 12:59:21 0 [Note] InnoDB: Uses event mutexes
2021-04-03 12:59:21 0 [Note] InnoDB: Compressed tables use zlib 1.2.11
2021-04-03 12:59:21 0 [Note] InnoDB: Number of pools: 1
2021-04-03 12:59:21 0 [Note] InnoDB: Using SSE2 crc32 instructions
2021-04-03 12:59:21 0 [Note] InnoDB: Initializing buffer pool, total size = 16M, instances = 1, chunk size = 16M
2021-04-03 12:59:21 0 [Note] InnoDB: Completed initialization of buffer pool
2021-04-03 12:59:21 0 [Note] InnoDB: Starting crash recovery from checkpoint LSN=3496152
2021-04-03 12:59:22 0 [Note] InnoDB: 128 out of 128 rollback segments are active.
2021-04-03 12:59:22 0 [Note] InnoDB: Removed temporary tablespace data file: "ibtmp1"
2021-04-03 12:59:22 0 [Note] InnoDB: Creating shared tablespace for temporary tables
2021-04-03 12:59:22 0 [Note] InnoDB: Setting file 'C:\xampp\mysql\data\ibtmp1' size to 12 MB. Physically writing the file full; Please wait ...
2021-04-03 12:59:22 0 [Note] InnoDB: File 'C:\xampp\mysql\data\ibtmp1' size is now 12 MB.
2021-04-03 12:59:22 0 [Note] InnoDB: Waiting for purge to start
2021-04-03 12:59:22 0 [Note] InnoDB: 10.4.18 started; log sequence number 3496161; transaction id 1948
2021-04-03 12:59:22 0 [Note] InnoDB: Loading buffer pool(s) from C:\xampp\mysql\data\ib_buffer_pool
2021-04-03 12:59:22 0 [Note] Plugin 'FEEDBACK' is disabled.
2021-04-03 12:59:22 0 [Note] Server socket created on IP: '::'.
InnoDB: using atomic writes.
2021-04-03 20:11:24 0 [Note] InnoDB: Mutexes and rw_locks use Windows interlocked functions
2021-04-03 20:11:24 0 [Note] InnoDB: Uses event mutexes
2021-04-03 20:11:24 0 [Note] InnoDB: Compressed tables use zlib 1.2.11
2021-04-03 20:11:24 0 [Note] InnoDB: Number of pools: 1
2021-04-03 20:11:24 0 [Note] InnoDB: Using SSE2 crc32 instructions
2021-04-03 20:11:24 0 [Note] InnoDB: Initializing buffer pool, total size = 16M, instances = 1, chunk size = 16M
2021-04-03 20:11:24 0 [Note] InnoDB: Completed initialization of buffer pool
2021-04-03 20:11:24 0 [Note] InnoDB: Starting crash recovery from checkpoint LSN=4357185
2021-04-03 20:11:25 0 [Note] InnoDB: 128 out of 128 rollback segments are active.
2021-04-03 20:11:25 0 [Note] InnoDB: Removed temporary tablespace data file: "ibtmp1"
2021-04-03 20:11:25 0 [Note] InnoDB: Creating shared tablespace for temporary tables
2021-04-03 20:11:25 0 [Note] InnoDB: Setting file 'C:\xampp\mysql\data\ibtmp1' size to 12 MB. Physically writing the file full; Please wait ...
2021-04-03 20:11:25 0 [Note] InnoDB: File 'C:\xampp\mysql\data\ibtmp1' size is now 12 MB.
2021-04-03 20:11:25 0 [Note] InnoDB: Waiting for purge to start
2021-04-03 20:11:25 0 [Note] InnoDB: 10.4.18 started; log sequence number 4357194; transaction id 3793
2021-04-03 20:11:25 0 [Note] InnoDB: Loading buffer pool(s) from C:\xampp\mysql\data\ib_buffer_pool
2021-04-03 20:11:25 0 [Note] Plugin 'FEEDBACK' is disabled.
2021-04-03 20:11:25 0 [Note] Server socket created on IP: '::'.
InnoDB: using atomic writes.
2021-04-05 17:32:51 0 [Note] InnoDB: Mutexes and rw_locks use Windows interlocked functions
2021-04-05 17:32:51 0 [Note] InnoDB: Uses event mutexes
2021-04-05 17:32:51 0 [Note] InnoDB: Compressed tables use zlib 1.2.11
2021-04-05 17:32:51 0 [Note] InnoDB: Number of pools: 1
2021-04-05 17:32:51 0 [Note] InnoDB: Using SSE2 crc32 instructions
2021-04-05 17:32:51 0 [Note] InnoDB: Initializing buffer pool, total size = 16M, instances = 1, chunk size = 16M
2021-04-05 17:32:51 0 [Note] InnoDB: Completed initialization of buffer pool
2021-04-05 17:32:51 0 [Note] InnoDB: Starting crash recovery from checkpoint LSN=4479166
2021-04-05 17:32:52 0 [Note] InnoDB: 128 out of 128 rollback segments are active.
2021-04-05 17:32:52 0 [Note] InnoDB: Removed temporary tablespace data file: "ibtmp1"
2021-04-05 17:32:52 0 [Note] InnoDB: Creating shared tablespace for temporary tables
2021-04-05 17:32:52 0 [Note] InnoDB: Setting file 'C:\xampp\mysql\data\ibtmp1' size to 12 MB. Physically writing the file full; Please wait ...
2021-04-05 17:32:52 0 [Note] InnoDB: File 'C:\xampp\mysql\data\ibtmp1' size is now 12 MB.
2021-04-05 17:32:52 0 [Note] InnoDB: Waiting for purge to start
2021-04-05 17:32:52 0 [Note] InnoDB: 10.4.18 started; log sequence number 4479175; transaction id 3994
2021-04-05 17:32:52 0 [Note] InnoDB: Loading buffer pool(s) from C:\xampp\mysql\data\ib_buffer_pool
2021-04-05 17:32:52 0 [Note] Plugin 'FEEDBACK' is disabled.
2021-04-05 17:32:52 0 [Note] Server socket created on IP: '::'.
